<?xml version="1.0" encoding="UTF-8"?>
<!-- Generated by org.testng.reporters.JUnitReportReporter -->
<testsuite skipped="0" hostname="kovalenko" name="com.dice.FirstTest" tests="1" failures="0" timestamp="25 янв 2018 12:37:40 GMT" time="8.410" errors="0">
  <testcase name="firstTestMethod" time="8.410" classname="com.dice.FirstTest"/>
</testsuite> <!-- com.dice.FirstTest -->
